<?xml version="1.0" encoding="UTF-8"?>
<testsuite name="AppTests" tests="12" skipped="0" failures="0" errors="0" timestamp="2022-11-06T23:13:15" hostname="jtrevgoda" time="0.736">
  <properties/>
  <testcase name="testSuccessExitCode1()" classname="AppTests" time="0.549"/>
  <testcase name="testDiff: YAML: plain" classname="AppTests" time="0.075"/>
  <testcase name="testDiff: JSON: plain" classname="AppTests" time="0.006"/>
  <testcase name="testDiff: JSON: Json" classname="AppTests" time="0.045"/>
  <testcase name="testErrorExitCode()" classname="AppTests" time="0.008"/>
  <testcase name="testDiff: YML: default" classname="AppTests" time="0.01"/>
  <testcase name="testDiffJson1: file1.size() &gt; file2.size()" classname="AppTests" time="0.006"/>
  <testcase name="testDiffYaml1: file1.size() &lt; file2.size()" classname="AppTests" time="0.007"/>
  <testcase name="testDiff: YAML: Stylish" classname="AppTests" time="0.008"/>
  <testcase name="testDiff: YML: plain" classname="AppTests" time="0.007"/>
  <testcase name="testDiff: JSON: default" classname="AppTests" time="0.004"/>
  <testcase name="testDiff: JSON: stylish" classname="AppTests" time="0.005"/>
  <system-out><![CDATA[{
    chars1: [a, b, c]
  - chars2: [d, e, f]
  + chars2: false
  - checked: false
  + checked: true
  - default: null
  + default: [value1, value2]
  - id: 45
  + id: null
  - key1: value1
  + key2: value2
    numbers1: [1, 2, 3, 4]
  - numbers2: [2, 3, 4, 5]
  + numbers2: [22, 33, 44, 55]
  - numbers3: [3, 4, 5]
  + numbers4: [4, 5, 6]
  + obj1: {nestedKey=value, isNested=true}
  - setting1: Some value
  + setting1: Another value
  - setting2: 200
  + setting2: 300
  - setting3: true
  + setting3: none
}
]]></system-out>
  <system-err><![CDATA[/Users/jtrevgoda/Hexlet/java-project-lvl2/app/testDiffJson2.json
]]></system-err>
</testsuite>
